This is TeX, Version 3.14159265 (MiKTeX 2.9.6500 64-bit) (preloaded format=tex 2018.6.10)  10 JUN 2018 12:52
**./giulioConciseDOI.dbj
(giulioConciseDOI.dbj ("D:\Programmi\MiKTeX 2.9\tex\latex\base\docstrip.tex"
\blockLevel=\count26
\emptyLines=\count27
\processedLines=\count28
\commentsRemoved=\count29
\commentsPassed=\count30
\codeLinesPassed=\count31
\TotalprocessedLines=\count32
\TotalcommentsRemoved=\count33
\TotalcommentsPassed=\count34
\TotalcodeLinesPassed=\count35
\NumberOfFiles=\count36
\inFile=\read0
\inputcheck=\read1
\@tempcnta=\count37
\off@0=\count38
\off@1=\count39
\off@2=\count40
\off@3=\count41
\off@4=\count42
\off@5=\count43
\off@6=\count44
\off@7=\count45
\off@8=\count46
\off@9=\count47
\off@10=\count48
\off@11=\count49
\off@12=\count50
\off@13=\count51
\off@14=\count52
\off@15=\count53
\@temptokena=\toks12
\@maxfiles=\count54
\@maxoutfiles=\count55

Utility: `docstrip' 2.5e <2014/09/29>
English documentation    <2017/03/13>

**********************************************************
* This program converts documented macro-files into fast *
* loadable files by stripping off (nearly) all comments! *
**********************************************************

********************************************************
* No Configuration file found, using default settings. *
********************************************************

)

Generating file(s) giulioConciseDOI.bst 
\openout0 = `giulioConciseDOI.bst'.


Processing file merlin.mbs (seq-no,nm-rvx,ed-rev,jnrlst,nmdash,nmlm,x1,m1,xmth,
jtit-x,jxper,thtit-x,jpg-1,num-xser,ser-vol,btit-rm,bt-rm,bkpg-x,pre-edn,isbn,i
ssn,doi,fin-bare,ppx,ed,abr,mth-bare,ord,jabr,jaa,amper,and-xcom,xand,etal-xc,e
print,nfss,) -> giulioConciseDOI.bst
Lines  processed: 9446
Comments removed: 3867
Comments  passed: 1
Codelines passed: 3732

 )
No pages of output.
